mode: set
github.com/reservation/client/service/reservation.go:29.105,31.2 1 1
github.com/reservation/client/service/reservation.go:33.110,41.16 4 1
github.com/reservation/client/service/reservation.go:41.16,43.3 1 1
github.com/reservation/client/service/reservation.go:44.2,45.25 2 1
github.com/reservation/client/service/reservation.go:48.102,52.16 4 1
github.com/reservation/client/service/reservation.go:52.16,53.41 1 1
github.com/reservation/client/service/reservation.go:53.41,55.4 1 1
github.com/reservation/client/service/reservation.go:58.2,58.47 1 1
github.com/reservation/client/service/reservation.go:61.111,65.16 4 1
github.com/reservation/client/service/reservation.go:65.16,67.3 1 0
github.com/reservation/client/service/reservation.go:68.2,69.36 2 1
github.com/reservation/client/service/reservation.go:69.36,71.3 1 0
github.com/reservation/client/service/reservation.go:72.2,72.20 1 1
github.com/reservation/client/service/reservation.go:75.88,79.16 4 1
github.com/reservation/client/service/reservation.go:79.16,80.41 1 1
github.com/reservation/client/service/reservation.go:80.41,82.4 1 1
github.com/reservation/client/service/reservation.go:84.2,84.33 1 1
github.com/reservation/client/service/reservation.go:87.110,96.16 4 1
github.com/reservation/client/service/reservation.go:96.16,97.41 1 1
github.com/reservation/client/service/reservation.go:97.41,99.4 1 1
github.com/reservation/client/service/reservation.go:101.2,101.47 1 1
github.com/reservation/server/reservation/reservation.go:25.68,31.2 1 1
github.com/reservation/server/reservation/reservation.go:33.112,43.51 7 1
github.com/reservation/server/reservation/reservation.go:43.51,45.3 1 0
github.com/reservation/server/reservation/reservation.go:47.2,47.29 1 1
github.com/reservation/server/reservation/reservation.go:47.29,51.3 3 0
github.com/reservation/server/reservation/reservation.go:51.8,55.3 3 1
github.com/reservation/server/reservation/reservation.go:57.2,63.25 3 1
github.com/reservation/server/reservation/reservation.go:66.110,73.37 6 1
github.com/reservation/server/reservation/reservation.go:73.37,74.21 1 1
github.com/reservation/server/reservation/reservation.go:74.21,77.9 3 1
github.com/reservation/server/reservation/reservation.go:81.2,81.11 1 1
github.com/reservation/server/reservation/reservation.go:81.11,83.3 1 1
github.com/reservation/server/reservation/reservation.go:84.2,85.73 2 1
github.com/reservation/server/reservation/reservation.go:88.119,93.37 4 1
github.com/reservation/server/reservation/reservation.go:93.37,94.33 1 1
github.com/reservation/server/reservation/reservation.go:95.24,96.24 1 0
github.com/reservation/server/reservation/reservation.go:97.24,98.26 1 1
github.com/reservation/server/reservation/reservation.go:103.2,103.36 1 1
github.com/reservation/server/reservation/reservation.go:103.36,105.3 1 0
github.com/reservation/server/reservation/reservation.go:105.8,105.43 1 1
github.com/reservation/server/reservation/reservation.go:105.43,107.3 1 0
github.com/reservation/server/reservation/reservation.go:109.2,110.52 2 1
github.com/reservation/server/reservation/reservation.go:114.119,120.34 5 1
github.com/reservation/server/reservation/reservation.go:120.34,121.25 1 1
github.com/reservation/server/reservation/reservation.go:121.25,123.9 2 1
github.com/reservation/server/reservation/reservation.go:126.2,126.12 1 1
github.com/reservation/server/reservation/reservation.go:126.12,128.3 1 0
github.com/reservation/server/reservation/reservation.go:129.2,131.74 2 1
github.com/reservation/server/reservation/reservation.go:134.112,140.34 5 1
github.com/reservation/server/reservation/reservation.go:140.34,142.3 1 0
github.com/reservation/server/reservation/reservation.go:143.2,147.35 4 1
github.com/reservation/server/reservation/reservation.go:150.91,152.23 1 1
github.com/reservation/server/reservation/reservation.go:152.23,153.18 1 1
github.com/reservation/server/reservation/reservation.go:153.18,155.4 1 1
github.com/reservation/server/reservation/reservation.go:157.2,157.12 1 0
github.com/reservation/server/reservation/server.go:13.20,16.16 3 0
github.com/reservation/server/reservation/server.go:16.16,18.3 1 0
github.com/reservation/server/reservation/server.go:19.2,24.44 5 0
github.com/reservation/server/reservation/server.go:24.44,27.3 2 0
